#
# There is insufficient memory for the Java Runtime Environment to continue.
# Native memory allocation (mmap) failed to map 132120576 bytes for Failed to commit area from 0x0000000082200000 to 0x000000008a000000 of length 132120576.
# Possible reasons:
#   The system is out of physical RAM or swap space
#   The process is running with CompressedOops enabled, and the Java Heap may be blocking the growth of the native heap
# Possible solutions:
#   Reduce memory load on the system
#   Increase physical memory or swap space
#   Check if swap backing store is full
#   Decrease Java heap size (-Xmx/-Xms)
#   Decrease number of Java threads
#   Decrease Java thread stack sizes (-Xss)
#   Set larger code cache with -XX:ReservedCodeCacheSize=
# This output file may be truncated or incomplete.
#
#  Out of Memory Error (t:/workspace/open/src/hotspot/os/windows/os_windows.cpp:3301), pid=19704, tid=4016
#
# JRE version:  (13.0.2+8) (build )
# Java VM: Java HotSpot(TM) 64-Bit Server VM (13.0.2+8, mixed mode, aot, sharing, tiered, compressed oops, g1 gc, windows-amd64)
# No core dump will be written. Minidumps are not enabled by default on client versions of Windows
#

---------------  S U M M A R Y ------------

Command Line: -javaagent:C:\Program Files\JetBrains\IntelliJ IDEA 2019.3.1\lib\idea_rt.jar=10359:C:\Program Files\JetBrains\IntelliJ IDEA 2019.3.1\bin -Dfile.encoding=UTF-8 CLI

Host: Intel(R) Core(TM) i7-7700HQ CPU @ 2.80GHz, 8 cores, 7G,  Windows 10 , 64 bit Build 18362 (10.0.18362.1350)
Time: Thu Apr  1 21:33:14 2021 Eastern Daylight Time elapsed time: 0 seconds (0d 0h 0m 0s)

---------------  T H R E A D  ---------------

Current thread (0x000002707a45c800):  JavaThread "Unknown thread" [_thread_in_vm, id=4016, stack(0x000000e3d6f00000,0x000000e3d7000000)]

Stack: [0x000000e3d6f00000,0x000000e3d7000000]
Native frames: (J=compiled Java code, j=interpreted, Vv=VM code, C=native code)
V  [jvm.dll+0x624f9a]
V  [jvm.dll+0x770cfa]
V  [jvm.dll+0x7724af]
V  [jvm.dll+0x772ab3]
V  [jvm.dll+0x24bf08]
V  [jvm.dll+0x6222aa]
V  [jvm.dll+0x6170b5]
V  [jvm.dll+0x30a88c]
V  [jvm.dll+0x30a6c2]
V  [jvm.dll+0x30fe36]
V  [jvm.dll+0x353f46]
V  [jvm.dll+0x353720]
V  [jvm.dll+0x2e550a]
V  [jvm.dll+0x2e67a2]
V  [jvm.dll+0x74dd78]
V  [jvm.dll+0x361989]
V  [jvm.dll+0x730e65]
V  [jvm.dll+0x3cc53f]
V  [jvm.dll+0x3ce861]
C  [jli.dll+0x51ff]
C  [ucrtbase.dll+0x210b2]
C  [KERNEL32.DLL+0x17c24]
C  [ntdll.dll+0x6d721]


---------------  P R O C E S S  ---------------

Threads class SMR info:
_java_thread_list=0x00007fff180eccb8, length=0, elements={
}

Java Threads: ( => current thread )

Other Threads:
  0x000002707a4a1000 GCTaskThread "GC Thread#0" [stack: 0x000000e3d7000000,0x000000e3d7100000] [id=3452]
  0x000002707a4b2000 ConcurrentGCThread "G1 Main Marker" [stack: 0x000000e3d7100000,0x000000e3d7200000] [id=14864]
  0x000002707a4b4000 ConcurrentGCThread "G1 Conc#0" [stack: 0x000000e3d7200000,0x000000e3d7300000] [id=1240]

[error occurred during error reporting (printing all threads), id 0xc0000005, EXCEPTION_ACCESS_VIOLATION (0xc0000005) at pc=0x00007fff179251d7]

VM state:not at safepoint (not fully initialized)

VM Mutex/Monitor currently owned by a thread:  ([mutex/lock_event])
[0x000002707a459070] Heap_lock - owner thread: 0x000002707a45c800

Heap address: 0x0000000082200000, size: 2014 MB, Compressed Oops mode: Non-zero based: 0x0000000082200000
Narrow klass base: 0x0000000000000000, Narrow klass shift: 0

GC Heap History (0 events):
No events

Deoptimization events (0 events):
No events

Classes unloaded (0 events):
No events

Classes redefined (0 events):
No events

Internal exceptions (0 events):
No events

Events (8 events):
Event: 0.015 Loaded shared library C:\Program Files\Java\jdk-13.0.2\bin\zip.dll
Event: 0.016 Loaded shared library C:\Program Files\Java\jdk-13.0.2\bin\jimage.dll
Event: 0.019 Loading shared library C:\Program Files\Java\jdk-13.0.2\lib\libjava.base-coop.dll failed, error code 126
Event: 0.019 Loading shared library C:\Program Files\Java\jdk-13.0.2\lib\libjava.logging-coop.dll failed, error code 126
Event: 0.019 Loading shared library C:\Program Files\Java\jdk-13.0.2\lib\libjdk.compiler-coop.dll failed, error code 126
Event: 0.019 Loading shared library C:\Program Files\Java\jdk-13.0.2\lib\libjdk.scripting.nashorn-coop.dll failed, error code 126
Event: 0.019 Loading shared library C:\Program Files\Java\jdk-13.0.2\lib\libjdk.internal.vm.ci-coop.dll failed, error code 126
Event: 0.019 Loading shared library C:\Program Files\Java\jdk-13.0.2\lib\libjdk.internal.vm.compiler-coop.dll failed, error code 126


Dynamic libraries:
0x00007ff78d4e0000 - 0x00007ff78d4ef000 	C:\Program Files\Java\jdk-13.0.2\bin\java.exe
0x00007fff824e0000 - 0x00007fff826d0000 	C:\WINDOWS\SYSTEM32\ntdll.dll
0x00007fff81ce0000 - 0x00007fff81d92000 	C:\WINDOWS\System32\KERNEL32.DLL
0x00007fff7f450000 - 0x00007fff7f6f5000 	C:\WINDOWS\System32\KERNELBASE.dll
0x00007fff80150000 - 0x00007fff8024a000 	C:\WINDOWS\System32\ucrtbase.dll
0x00007fff6cd10000 - 0x00007fff6cd28000 	C:\Program Files\Java\jdk-13.0.2\bin\jli.dll
0x00007fff6d1a0000 - 0x00007fff6d1b5000 	C:\Program Files\Java\jdk-13.0.2\bin\VCRUNTIME140.dll
0x00007fff82210000 - 0x00007fff822b3000 	C:\WINDOWS\System32\ADVAPI32.dll
0x00007fff80c40000 - 0x00007fff80cde000 	C:\WINDOWS\System32\msvcrt.dll
0x00007fff822d0000 - 0x00007fff82367000 	C:\WINDOWS\System32\sechost.dll
0x00007fff81640000 - 0x00007fff8175f000 	C:\WINDOWS\System32\RPCRT4.dll
0x00007fff81ed0000 - 0x00007fff82064000 	C:\WINDOWS\System32\USER32.dll
0x00007fff80410000 - 0x00007fff80431000 	C:\WINDOWS\System32\win32u.dll
0x00007fff80df0000 - 0x00007fff80e16000 	C:\WINDOWS\System32\GDI32.dll
0x00007fff80270000 - 0x00007fff80408000 	C:\WINDOWS\System32\gdi32full.dll
0x00007fff6b9c0000 - 0x00007fff6bc44000 	C:\WINDOWS\WinSxS\amd64_microsoft.windows.common-controls_6595b64144ccf1df_6.0.18362.1440_none_9e7dbfb9e45e8e67\COMCTL32.dll
0x00007fff80440000 - 0x00007fff804de000 	C:\WINDOWS\System32\msvcp_win.dll
0x00007fff80900000 - 0x00007fff80c36000 	C:\WINDOWS\System32\combase.dll
0x00007fff80010000 - 0x00007fff80091000 	C:\WINDOWS\System32\bcryptPrimitives.dll
0x00007fff77ac0000 - 0x00007fff77aca000 	C:\WINDOWS\SYSTEM32\VERSION.dll
0x00007fff81c40000 - 0x00007fff81c6e000 	C:\WINDOWS\System32\IMM32.DLL
0x00007fff5b070000 - 0x00007fff5b10b000 	C:\Program Files\Java\jdk-13.0.2\bin\msvcp140.dll
0x00007fff17630000 - 0x00007fff1818d000 	C:\Program Files\Java\jdk-13.0.2\bin\server\jvm.dll
0x00007fff821f0000 - 0x00007fff821f8000 	C:\WINDOWS\System32\PSAPI.DLL
0x00007fff69070000 - 0x00007fff69079000 	C:\WINDOWS\SYSTEM32\WSOCK32.dll
0x00007fff7d000000 - 0x00007fff7d024000 	C:\WINDOWS\SYSTEM32\WINMM.dll
0x00007fff81bd0000 - 0x00007fff81c3f000 	C:\WINDOWS\System32\WS2_32.dll
0x00007fff7cfd0000 - 0x00007fff7cffd000 	C:\WINDOWS\SYSTEM32\winmmbase.dll
0x00007fff80100000 - 0x00007fff8014a000 	C:\WINDOWS\System32\cfgmgr32.dll
0x00007fff7f3a0000 - 0x00007fff7f3b1000 	C:\WINDOWS\System32\kernel.appcore.dll
0x00007fff6d190000 - 0x00007fff6d1a0000 	C:\Program Files\Java\jdk-13.0.2\bin\verify.dll
0x00007fff7dc80000 - 0x00007fff7de74000 	C:\WINDOWS\SYSTEM32\DBGHELP.DLL
0x00007fff64960000 - 0x00007fff6498a000 	C:\WINDOWS\SYSTEM32\dbgcore.DLL
0x00007fff6cce0000 - 0x00007fff6cd06000 	C:\Program Files\Java\jdk-13.0.2\bin\java.dll
0x00007fff7a250000 - 0x00007fff7a25e000 	C:\Program Files\Java\jdk-13.0.2\bin\instrument.dll
0x00007fff6a8e0000 - 0x00007fff6a8f7000 	C:\Program Files\Java\jdk-13.0.2\bin\zip.dll
0x00007fff6cd80000 - 0x00007fff6cd8a000 	C:\Program Files\Java\jdk-13.0.2\bin\jimage.dll

dbghelp: loaded successfully - version: 4.0.5 - missing functions: none
symbol engine: initialized successfully - sym options: 0x614 - pdb path: .;C:\Program Files\Java\jdk-13.0.2\bin;C:\WINDOWS\SYSTEM32;C:\WINDOWS\WinSxS\amd64_microsoft.windows.common-controls_6595b64144ccf1df_6.0.18362.1440_none_9e7dbfb9e45e8e67;C:\Program Files\Java\jdk-13.0.2\bin\server

VM Arguments:
jvm_args: -javaagent:C:\Program Files\JetBrains\IntelliJ IDEA 2019.3.1\lib\idea_rt.jar=10359:C:\Program Files\JetBrains\IntelliJ IDEA 2019.3.1\bin -Dfile.encoding=UTF-8 
java_command: CLI
java_class_path (initial): C:\Users\Bai\Desktop\swen262_4\design-project-swen-262-4\out\production\design-project-swen-262-4;C:\Users\Bai\.m2\repository\com\google\code\gson\gson\2.8.6\gson-2.8.6.jar
Launcher Type: SUN_STANDARD

[Global flags]
     intx CICompilerCount                          = 4                                         {product} {ergonomic}
     uint ConcGCThreads                            = 2                                         {product} {ergonomic}
     uint G1ConcRefinementThreads                  = 8                                         {product} {ergonomic}
   size_t G1HeapRegionSize                         = 1048576                                   {product} {ergonomic}
    uintx GCDrainStackTargetSize                   = 64                                        {product} {ergonomic}
   size_t InitialHeapSize                          = 132120576                                 {product} {ergonomic}
   size_t MarkStackSize                            = 4194304                                   {product} {ergonomic}
   size_t MaxHeapSize                              = 2111832064                                {product} {ergonomic}
   size_t MinHeapDeltaBytes                        = 1048576                                   {product} {ergonomic}
   size_t MinHeapSize                              = 8388608                                   {product} {ergonomic}
    uintx NonNMethodCodeHeapSize                   = 5839372                                {pd product} {ergonomic}
    uintx NonProfiledCodeHeapSize                  = 122909434                              {pd product} {ergonomic}
    uintx ProfiledCodeHeapSize                     = 122909434                              {pd product} {ergonomic}
    uintx ReservedCodeCacheSize                    = 251658240                              {pd product} {ergonomic}
     bool SegmentedCodeCache                       = true                                      {product} {ergonomic}
   size_t SoftMaxHeapSize                          = 2111832064                             {manageable} {ergonomic}
     bool UseCompressedClassPointers               = true                                 {lp64_product} {ergonomic}
     bool UseCompressedOops                        = true                                 {lp64_product} {ergonomic}
     bool UseG1GC                                  = true                                      {product} {ergonomic}
     bool UseLargePagesIndividualAllocation        = false                                  {pd product} {ergonomic}

Logging:
Log output configuration:
 #0: stdout all=warning uptime,level,tags
 #1: stderr all=off uptime,level,tags

Environment Variables:
JAVA_HOME=C:\Program Files\Java\jdk1.8.0_261
PATH=C:\Python39\Scripts\;C:\Python39\;C:\Program Files (x86)\Common Files\Oracle\Java\javapath;C:\Program Files (x86)\Common Files\Intel\Shared Libraries\redist\intel64\compiler;C:\Program Files (x86)\Razer Chroma SDK\bin;C:\Program Files\Razer Chroma SDK\bin;C:\Program Files (x86)\Intel\iCLS Client\;C:\Program Files\Intel\iCLS Client\;C:\Windows\system32;C:\Windows;C:\Windows\System32\Wbem;C:\Windows\System32\WindowsPowerShell\v1.0\;C:\Program Files (x86)\Intel\Intel(R) Management Engine Components\DAL;C:\Program Files\Intel\Intel(R) Management Engine Components\DAL;C:\Program Files (x86)\Intel\Intel(R) Management Engine Components\IPT;C:\Program Files\Intel\Intel(R) Management Engine Components\IPT;C:\Program Files (x86)\NVIDIA Corporation\PhysX\Common;C:\WINDOWS\system32;C:\WINDOWS;C:\WINDOWS\System32\Wbem;C:\WINDOWS\System32\WindowsPowerShell\v1.0\;C:\WINDOWS\System32\OpenSSH\;C:\WINDOWS\system32\config\systemprofile\AppData\Local\Microsoft\WindowsApps;C:\Program Files\PuTTY\;C:\Program Files\Git\cmd;C:\Program Files\NVIDIA Corporation\NVIDIA NvDLISR;C:\WINDOWS\system32;C:\WINDOWS;C:\WINDOWS\System32\Wbem;C:\WINDOWS\System32\WindowsPowerShell\v1.0\;C:\WINDOWS\System32\OpenSSH\;C:\Program Files\PostgreSQL\11\bin;C:\Program Files\nodejs\;C:\ProgramData\chocolatey\bin;C:\Users\Bai\AppData\Local\Programs\Python\Python38-32\Scripts\;C:\Users\Bai\AppData\Local\Programs\Python\Python38-32\;C:\Users\Bai\AppData\Local\Microsoft\WindowsApps;C:\Program Files\Java\jdk1.8.0_261\bin;C:\Program Files\apache-maven-3.6.3\bin;C:\Users\Bai\AppData\Roaming\npm
USERNAME=Bai
OS=Windows_NT
PROCESSOR_IDENTIFIER=Intel64 Family 6 Model 158 Stepping 9, GenuineIntel



---------------  S Y S T E M  ---------------

OS: Windows 10 , 64 bit Build 18362 (10.0.18362.1350)

CPU:total 8 (initial active 8) (4 cores per cpu, 2 threads per core) family 6 model 158 stepping 9, cmov, cx8, fxsr, mmx, sse, sse2, sse3, ssse3, sse4.1, sse4.2, popcnt, avx, avx2, aes, clmul, erms, 3dnowpref, lzcnt, ht, tsc, tscinvbit, bmi1, bmi2, adx, fma

Memory: 4k page, system-wide physical 8053M (758M free)
TotalPageFile size 17053M (AvailPageFile size 51M)
current process WorkingSet (physical memory assigned to process): 10M, peak: 10M
current process commit charge ("private bytes"): 60M, peak: 186M

vm_info: Java HotSpot(TM) 64-Bit Server VM (13.0.2+8) for windows-amd64 JRE (13.0.2+8), built on Dec 11 2019 09:20:33 by "mach5one" with unknown MS VC++:1916

END.
